C:\USERS\MUSTAFAN\DESKTOP\STARTING CODE - SOLUTION\DEBUG\MYPROJ.EXE
C:\USERS\MUSTAFAN\DESKTOP\STARTING CODE - SOLUTION\DEBUG\MYPROJ.ILK
C:\USERS\MUSTAFAN\DESKTOP\STARTING CODE - SOLUTION\DEBUG\MYPROJ.PDB
C:\USERS\MUSTAFAN\DESKTOP\STARTING CODE - SOLUTION\MYPROJ\DEBUG\MAIN.OBJ
C:\USERS\MUSTAFAN\DESKTOP\STARTING CODE - SOLUTION\MYPROJ\DEBUG\MYPROJ.EXE.EMBED.MANIFEST
C:\USERS\MUSTAFAN\DESKTOP\STARTING CODE - SOLUTION\MYPROJ\DEBUG\MYPROJ.EXE.EMBED.MANIFEST.RES
C:\USERS\MUSTAFAN\DESKTOP\STARTING CODE - SOLUTION\MYPROJ\DEBUG\MYPROJ.EXE.INTERMEDIATE.MANIFEST
C:\USERS\MUSTAFAN\DESKTOP\STARTING CODE - SOLUTION\MYPROJ\DEBUG\MYPROJ.OBJ
C:\USERS\MUSTAFAN\DESKTOP\STARTING CODE - SOLUTION\MYPROJ\DEBUG\MYPROJ.PCH
C:\USERS\MUSTAFAN\DESKTOP\STARTING CODE - SOLUTION\MYPROJ\DEBUG\POINT3D.OBJ
C:\USERS\MUSTAFAN\DESKTOP\STARTING CODE - SOLUTION\MYPROJ\DEBUG\SHADERS.OBJ
C:\USERS\MUSTAFAN\DESKTOP\STARTING CODE - SOLUTION\MYPROJ\DEBUG\STDAFX.OBJ
C:\USERS\MUSTAFAN\DESKTOP\STARTING CODE - SOLUTION\MYPROJ\DEBUG\VC100.PDB
C:\USERS\MUSTAFAN\DESKTOP\STARTING CODE - SOLUTION\MYPROJ\DEBUG\VECTOR3D.OBJ
C:\USERS\NABIL\DESKTOP\ESIEE-IN5I11\LECTURE3\TP1 - SOLUTION - CLASS DEMO\DEBUG\MYPROJ.EXE
C:\USERS\NABIL\DESKTOP\ESIEE-IN5I11\LECTURE3\TP1 - SOLUTION - CLASS DEMO\DEBUG\MYPROJ.ILK
C:\USERS\NABIL\DESKTOP\ESIEE-IN5I11\LECTURE3\TP1 - SOLUTION - CLASS DEMO\DEBUG\MYPROJ.PDB
C:\USERS\NABIL\DESKTOP\ESIEE-IN5I11\LECTURE3\TP1 - SOLUTION - CLASS DEMO\MYPROJ\DEBUG\MAIN.OBJ
C:\USERS\NABIL\DESKTOP\ESIEE-IN5I11\LECTURE3\TP1 - SOLUTION - CLASS DEMO\MYPROJ\DEBUG\MYPROJ.EXE.EMBED.MANIFEST.RES
C:\USERS\NABIL\DESKTOP\ESIEE-IN5I11\LECTURE3\TP1 - SOLUTION - CLASS DEMO\MYPROJ\DEBUG\MYPROJ.EXE.INTERMEDIATE.MANIFEST
C:\USERS\NABIL\DESKTOP\ESIEE-IN5I11\LECTURE3\TP1 - SOLUTION - CLASS DEMO\MYPROJ\DEBUG\MYPROJ.OBJ
C:\USERS\NABIL\DESKTOP\ESIEE-IN5I11\LECTURE3\TP1 - SOLUTION - CLASS DEMO\MYPROJ\DEBUG\MYPROJ.PCH
C:\USERS\NABIL\DESKTOP\ESIEE-IN5I11\LECTURE3\TP1 - SOLUTION - CLASS DEMO\MYPROJ\DEBUG\POINT3D.OBJ
C:\USERS\NABIL\DESKTOP\ESIEE-IN5I11\LECTURE3\TP1 - SOLUTION - CLASS DEMO\MYPROJ\DEBUG\SHADERS.OBJ
C:\USERS\NABIL\DESKTOP\ESIEE-IN5I11\LECTURE3\TP1 - SOLUTION - CLASS DEMO\MYPROJ\DEBUG\STDAFX.OBJ
C:\USERS\NABIL\DESKTOP\ESIEE-IN5I11\LECTURE3\TP1 - SOLUTION - CLASS DEMO\MYPROJ\DEBUG\VC100.PDB
C:\USERS\NABIL\DESKTOP\ESIEE-IN5I11\LECTURE3\TP1 - SOLUTION - CLASS DEMO\MYPROJ\DEBUG\VECTOR3D.OBJ
C:\USERS\NABIL\DOWNLOADS\OPENGL\MYPROJ - 10MOVINGBYARROWKEYS\DEBUG\MYPROJ.EXE
C:\USERS\NABIL\DOWNLOADS\OPENGL\MYPROJ - 10MOVINGBYARROWKEYS\DEBUG\MYPROJ.ILK
C:\USERS\NABIL\DOWNLOADS\OPENGL\MYPROJ - 10MOVINGBYARROWKEYS\DEBUG\MYPROJ.PDB
C:\USERS\NABIL\DOWNLOADS\OPENGL\MYPROJ - 10MOVINGBYARROWKEYS\MYPROJ\DEBUG\MAIN.OBJ
C:\USERS\NABIL\DOWNLOADS\OPENGL\MYPROJ - 10MOVINGBYARROWKEYS\MYPROJ\DEBUG\MYPROJ.EXE.EMBED.MANIFEST.RES
C:\USERS\NABIL\DOWNLOADS\OPENGL\MYPROJ - 10MOVINGBYARROWKEYS\MYPROJ\DEBUG\MYPROJ.EXE.INTERMEDIATE.MANIFEST
C:\USERS\NABIL\DOWNLOADS\OPENGL\MYPROJ - 10MOVINGBYARROWKEYS\MYPROJ\DEBUG\MYPROJ.OBJ
C:\USERS\NABIL\DOWNLOADS\OPENGL\MYPROJ - 10MOVINGBYARROWKEYS\MYPROJ\DEBUG\MYPROJ.PCH
C:\USERS\NABIL\DOWNLOADS\OPENGL\MYPROJ - 10MOVINGBYARROWKEYS\MYPROJ\DEBUG\SHADERS.OBJ
C:\USERS\NABIL\DOWNLOADS\OPENGL\MYPROJ - 10MOVINGBYARROWKEYS\MYPROJ\DEBUG\STDAFX.OBJ
C:\USERS\NABIL\DOWNLOADS\OPENGL\MYPROJ - 10MOVINGBYARROWKEYS\MYPROJ\DEBUG\VC100.PDB
C:\USERS\NABIL\DOWNLOADS\OPENGL\MYPROJ - 3ROTATIONWORKINGASWELL\DEBUG\MYPROJ.EXE
C:\USERS\NABIL\DOWNLOADS\OPENGL\MYPROJ - 3ROTATIONWORKINGASWELL\DEBUG\MYPROJ.ILK
C:\USERS\NABIL\DOWNLOADS\OPENGL\MYPROJ - 3ROTATIONWORKINGASWELL\DEBUG\MYPROJ.PDB
C:\USERS\NABIL\DOWNLOADS\OPENGL\MYPROJ - 3ROTATIONWORKINGASWELL\MYPROJ\DEBUG\MAIN.OBJ
C:\USERS\NABIL\DOWNLOADS\OPENGL\MYPROJ - 3ROTATIONWORKINGASWELL\MYPROJ\DEBUG\MYPROJ.EXE.EMBED.MANIFEST.RES
C:\USERS\NABIL\DOWNLOADS\OPENGL\MYPROJ - 3ROTATIONWORKINGASWELL\MYPROJ\DEBUG\MYPROJ.EXE.INTERMEDIATE.MANIFEST
C:\USERS\NABIL\DOWNLOADS\OPENGL\MYPROJ - 3ROTATIONWORKINGASWELL\MYPROJ\DEBUG\MYPROJ.OBJ
C:\USERS\NABIL\DOWNLOADS\OPENGL\MYPROJ - 3ROTATIONWORKINGASWELL\MYPROJ\DEBUG\MYPROJ.PCH
C:\USERS\NABIL\DOWNLOADS\OPENGL\MYPROJ - 3ROTATIONWORKINGASWELL\MYPROJ\DEBUG\SHADERS.OBJ
C:\USERS\NABIL\DOWNLOADS\OPENGL\MYPROJ - 3ROTATIONWORKINGASWELL\MYPROJ\DEBUG\STDAFX.OBJ
C:\USERS\NABIL\DOWNLOADS\OPENGL\MYPROJ - 3ROTATIONWORKINGASWELL\MYPROJ\DEBUG\VC100.PDB
C:\USERS\NABIL\DOWNLOADS\OPENGL\MYPROJ - 4READINGMESH\DEBUG\MYPROJ.EXE
C:\USERS\NABIL\DOWNLOADS\OPENGL\MYPROJ - 4READINGMESH\DEBUG\MYPROJ.ILK
C:\USERS\NABIL\DOWNLOADS\OPENGL\MYPROJ - 4READINGMESH\DEBUG\MYPROJ.PDB
C:\USERS\NABIL\DOWNLOADS\OPENGL\MYPROJ - 4READINGMESH\MYPROJ\DEBUG\MAIN.OBJ
C:\USERS\NABIL\DOWNLOADS\OPENGL\MYPROJ - 4READINGMESH\MYPROJ\DEBUG\MYPROJ.EXE.EMBED.MANIFEST.RES
C:\USERS\NABIL\DOWNLOADS\OPENGL\MYPROJ - 4READINGMESH\MYPROJ\DEBUG\MYPROJ.EXE.INTERMEDIATE.MANIFEST
C:\USERS\NABIL\DOWNLOADS\OPENGL\MYPROJ - 4READINGMESH\MYPROJ\DEBUG\MYPROJ.OBJ
C:\USERS\NABIL\DOWNLOADS\OPENGL\MYPROJ - 4READINGMESH\MYPROJ\DEBUG\MYPROJ.PCH
C:\USERS\NABIL\DOWNLOADS\OPENGL\MYPROJ - 4READINGMESH\MYPROJ\DEBUG\SHADERS.OBJ
C:\USERS\NABIL\DOWNLOADS\OPENGL\MYPROJ - 4READINGMESH\MYPROJ\DEBUG\STDAFX.OBJ
C:\USERS\NABIL\DOWNLOADS\OPENGL\MYPROJ - 4READINGMESH\MYPROJ\DEBUG\VC100.PDB
C:\USERS\NABIL\DOWNLOADS\OPENGL\MYPROJ - 5WITHCOLORS\DEBUG\MYPROJ.EXE
C:\USERS\NABIL\DOWNLOADS\OPENGL\MYPROJ - 5WITHCOLORS\DEBUG\MYPROJ.ILK
C:\USERS\NABIL\DOWNLOADS\OPENGL\MYPROJ - 5WITHCOLORS\DEBUG\MYPROJ.PDB
C:\USERS\NABIL\DOWNLOADS\OPENGL\MYPROJ - 5WITHCOLORS\MYPROJ\DEBUG\MAIN.OBJ
C:\USERS\NABIL\DOWNLOADS\OPENGL\MYPROJ - 5WITHCOLORS\MYPROJ\DEBUG\MYPROJ.EXE.EMBED.MANIFEST.RES
C:\USERS\NABIL\DOWNLOADS\OPENGL\MYPROJ - 5WITHCOLORS\MYPROJ\DEBUG\MYPROJ.EXE.INTERMEDIATE.MANIFEST
C:\USERS\NABIL\DOWNLOADS\OPENGL\MYPROJ - 5WITHCOLORS\MYPROJ\DEBUG\MYPROJ.OBJ
C:\USERS\NABIL\DOWNLOADS\OPENGL\MYPROJ - 5WITHCOLORS\MYPROJ\DEBUG\MYPROJ.PCH
C:\USERS\NABIL\DOWNLOADS\OPENGL\MYPROJ - 5WITHCOLORS\MYPROJ\DEBUG\SHADERS.OBJ
C:\USERS\NABIL\DOWNLOADS\OPENGL\MYPROJ - 5WITHCOLORS\MYPROJ\DEBUG\STDAFX.OBJ
C:\USERS\NABIL\DOWNLOADS\OPENGL\MYPROJ - 5WITHCOLORS\MYPROJ\DEBUG\VC100.PDB
C:\USERS\NABIL\DOWNLOADS\OPENGL\MYPROJ - 6ADDINGNORMALS\MYPROJ\DEBUG\MAIN.OBJ
C:\USERS\NABIL\DOWNLOADS\OPENGL\MYPROJ - 6ADDINGNORMALS\MYPROJ\DEBUG\MYPROJ.EXE.EMBED.MANIFEST.RES
C:\USERS\NABIL\DOWNLOADS\OPENGL\MYPROJ - 6ADDINGNORMALS\MYPROJ\DEBUG\MYPROJ.OBJ
C:\USERS\NABIL\DOWNLOADS\OPENGL\MYPROJ - 6ADDINGNORMALS\MYPROJ\DEBUG\MYPROJ.PCH
C:\USERS\NABIL\DOWNLOADS\OPENGL\MYPROJ - 6ADDINGNORMALS\MYPROJ\DEBUG\SHADERS.OBJ
C:\USERS\NABIL\DOWNLOADS\OPENGL\MYPROJ - 6ADDINGNORMALS\MYPROJ\DEBUG\STDAFX.OBJ
C:\USERS\NABIL\DOWNLOADS\OPENGL\MYPROJ - 6ADDINGNORMALS\MYPROJ\DEBUG\VC100.PDB
C:\USERS\NABIL\DOWNLOADS\OPENGL\MYPROJ - 7DIFFUSESHADING\DEBUG\MYPROJ.EXE
C:\USERS\NABIL\DOWNLOADS\OPENGL\MYPROJ - 7DIFFUSESHADING\DEBUG\MYPROJ.ILK
C:\USERS\NABIL\DOWNLOADS\OPENGL\MYPROJ - 7DIFFUSESHADING\DEBUG\MYPROJ.PDB
C:\USERS\NABIL\DOWNLOADS\OPENGL\MYPROJ - 7DIFFUSESHADING\MYPROJ\DEBUG\MAIN.OBJ
C:\USERS\NABIL\DOWNLOADS\OPENGL\MYPROJ - 7DIFFUSESHADING\MYPROJ\DEBUG\MYPROJ.EXE.EMBED.MANIFEST.RES
C:\USERS\NABIL\DOWNLOADS\OPENGL\MYPROJ - 7DIFFUSESHADING\MYPROJ\DEBUG\MYPROJ.EXE.INTERMEDIATE.MANIFEST
C:\USERS\NABIL\DOWNLOADS\OPENGL\MYPROJ - 7DIFFUSESHADING\MYPROJ\DEBUG\MYPROJ.OBJ
C:\USERS\NABIL\DOWNLOADS\OPENGL\MYPROJ - 7DIFFUSESHADING\MYPROJ\DEBUG\MYPROJ.PCH
C:\USERS\NABIL\DOWNLOADS\OPENGL\MYPROJ - 7DIFFUSESHADING\MYPROJ\DEBUG\SHADERS.OBJ
C:\USERS\NABIL\DOWNLOADS\OPENGL\MYPROJ - 7DIFFUSESHADING\MYPROJ\DEBUG\STDAFX.OBJ
C:\USERS\NABIL\DOWNLOADS\OPENGL\MYPROJ - 7DIFFUSESHADING\MYPROJ\DEBUG\VC100.PDB
C:\USERS\NABIL\DOWNLOADS\OPENGL\MYPROJ - 8DIFFUSESHADING AT FRAGMENT\DEBUG\MYPROJ.EXE
C:\USERS\NABIL\DOWNLOADS\OPENGL\MYPROJ - 8DIFFUSESHADING AT FRAGMENT\DEBUG\MYPROJ.ILK
C:\USERS\NABIL\DOWNLOADS\OPENGL\MYPROJ - 8DIFFUSESHADING AT FRAGMENT\DEBUG\MYPROJ.PDB
C:\USERS\NABIL\DOWNLOADS\OPENGL\MYPROJ - 8DIFFUSESHADING AT FRAGMENT\MYPROJ\DEBUG\MAIN.OBJ
C:\USERS\NABIL\DOWNLOADS\OPENGL\MYPROJ - 8DIFFUSESHADING AT FRAGMENT\MYPROJ\DEBUG\MYPROJ.EXE.EMBED.MANIFEST.RES
C:\USERS\NABIL\DOWNLOADS\OPENGL\MYPROJ - 8DIFFUSESHADING AT FRAGMENT\MYPROJ\DEBUG\MYPROJ.EXE.INTERMEDIATE.MANIFEST
C:\USERS\NABIL\DOWNLOADS\OPENGL\MYPROJ - 8DIFFUSESHADING AT FRAGMENT\MYPROJ\DEBUG\MYPROJ.OBJ
C:\USERS\NABIL\DOWNLOADS\OPENGL\MYPROJ - 8DIFFUSESHADING AT FRAGMENT\MYPROJ\DEBUG\MYPROJ.PCH
C:\USERS\NABIL\DOWNLOADS\OPENGL\MYPROJ - 8DIFFUSESHADING AT FRAGMENT\MYPROJ\DEBUG\SHADERS.OBJ
C:\USERS\NABIL\DOWNLOADS\OPENGL\MYPROJ - 8DIFFUSESHADING AT FRAGMENT\MYPROJ\DEBUG\STDAFX.OBJ
C:\USERS\NABIL\DOWNLOADS\OPENGL\MYPROJ - 8DIFFUSESHADING AT FRAGMENT\MYPROJ\DEBUG\VC100.PDB
C:\USERS\NABIL\DOWNLOADS\OPENGL\MYPROJ - 8OVERALLSHADING AT FRAGMENT\DEBUG\MYPROJ.EXE
C:\USERS\NABIL\DOWNLOADS\OPENGL\MYPROJ - 8OVERALLSHADING AT FRAGMENT\DEBUG\MYPROJ.ILK
C:\USERS\NABIL\DOWNLOADS\OPENGL\MYPROJ - 8OVERALLSHADING AT FRAGMENT\DEBUG\MYPROJ.PDB
C:\USERS\NABIL\DOWNLOADS\OPENGL\MYPROJ - 8OVERALLSHADING AT FRAGMENT\MYPROJ\DEBUG\MAIN.OBJ
C:\USERS\NABIL\DOWNLOADS\OPENGL\MYPROJ - 8OVERALLSHADING AT FRAGMENT\MYPROJ\DEBUG\MYPROJ.EXE.EMBED.MANIFEST.RES
C:\USERS\NABIL\DOWNLOADS\OPENGL\MYPROJ - 8OVERALLSHADING AT FRAGMENT\MYPROJ\DEBUG\MYPROJ.EXE.INTERMEDIATE.MANIFEST
C:\USERS\NABIL\DOWNLOADS\OPENGL\MYPROJ - 8OVERALLSHADING AT FRAGMENT\MYPROJ\DEBUG\MYPROJ.OBJ
C:\USERS\NABIL\DOWNLOADS\OPENGL\MYPROJ - 8OVERALLSHADING AT FRAGMENT\MYPROJ\DEBUG\MYPROJ.PCH
C:\USERS\NABIL\DOWNLOADS\OPENGL\MYPROJ - 8OVERALLSHADING AT FRAGMENT\MYPROJ\DEBUG\SHADERS.OBJ
C:\USERS\NABIL\DOWNLOADS\OPENGL\MYPROJ - 8OVERALLSHADING AT FRAGMENT\MYPROJ\DEBUG\STDAFX.OBJ
C:\USERS\NABIL\DOWNLOADS\OPENGL\MYPROJ - 8OVERALLSHADING AT FRAGMENT\MYPROJ\DEBUG\VC100.PDB
C:\USERS\NABIL\DOWNLOADS\OPENGL\MYPROJ - 9OVERALLSHADING USING OPENGL\DEBUG\MYPROJ.EXE
C:\USERS\NABIL\DOWNLOADS\OPENGL\MYPROJ - 9OVERALLSHADING USING OPENGL\DEBUG\MYPROJ.ILK
C:\USERS\NABIL\DOWNLOADS\OPENGL\MYPROJ - 9OVERALLSHADING USING OPENGL\DEBUG\MYPROJ.PDB
C:\USERS\NABIL\DOWNLOADS\OPENGL\MYPROJ - 9OVERALLSHADING USING OPENGL\MYPROJ\DEBUG\MAIN.OBJ
C:\USERS\NABIL\DOWNLOADS\OPENGL\MYPROJ - 9OVERALLSHADING USING OPENGL\MYPROJ\DEBUG\MYPROJ.EXE.EMBED.MANIFEST.RES
C:\USERS\NABIL\DOWNLOADS\OPENGL\MYPROJ - 9OVERALLSHADING USING OPENGL\MYPROJ\DEBUG\MYPROJ.EXE.INTERMEDIATE.MANIFEST
C:\USERS\NABIL\DOWNLOADS\OPENGL\MYPROJ - 9OVERALLSHADING USING OPENGL\MYPROJ\DEBUG\MYPROJ.OBJ
C:\USERS\NABIL\DOWNLOADS\OPENGL\MYPROJ - 9OVERALLSHADING USING OPENGL\MYPROJ\DEBUG\MYPROJ.PCH
C:\USERS\NABIL\DOWNLOADS\OPENGL\MYPROJ - 9OVERALLSHADING USING OPENGL\MYPROJ\DEBUG\SHADERS.OBJ
C:\USERS\NABIL\DOWNLOADS\OPENGL\MYPROJ - 9OVERALLSHADING USING OPENGL\MYPROJ\DEBUG\STDAFX.OBJ
C:\USERS\NABIL\DOWNLOADS\OPENGL\MYPROJ - 9OVERALLSHADING USING OPENGL\MYPROJ\DEBUG\VC100.PDB
C:\USERS\NABIL\DOWNLOADS\OPENGL\MYPROJ - ROTATIONWORKINGASWELL\DEBUG\MYPROJ.EXE
C:\USERS\NABIL\DOWNLOADS\OPENGL\MYPROJ - ROTATIONWORKINGASWELL\DEBUG\MYPROJ.ILK
C:\USERS\NABIL\DOWNLOADS\OPENGL\MYPROJ - ROTATIONWORKINGASWELL\DEBUG\MYPROJ.PDB
C:\USERS\NABIL\DOWNLOADS\OPENGL\MYPROJ - ROTATIONWORKINGASWELL\MYPROJ\DEBUG\MAIN.OBJ
C:\USERS\NABIL\DOWNLOADS\OPENGL\MYPROJ - ROTATIONWORKINGASWELL\MYPROJ\DEBUG\MYPROJ.EXE.EMBED.MANIFEST.RES
C:\USERS\NABIL\DOWNLOADS\OPENGL\MYPROJ - ROTATIONWORKINGASWELL\MYPROJ\DEBUG\MYPROJ.EXE.INTERMEDIATE.MANIFEST
C:\USERS\NABIL\DOWNLOADS\OPENGL\MYPROJ - ROTATIONWORKINGASWELL\MYPROJ\DEBUG\MYPROJ.OBJ
C:\USERS\NABIL\DOWNLOADS\OPENGL\MYPROJ - ROTATIONWORKINGASWELL\MYPROJ\DEBUG\MYPROJ.PCH
C:\USERS\NABIL\DOWNLOADS\OPENGL\MYPROJ - ROTATIONWORKINGASWELL\MYPROJ\DEBUG\SHADERS.OBJ
C:\USERS\NABIL\DOWNLOADS\OPENGL\MYPROJ - ROTATIONWORKINGASWELL\MYPROJ\DEBUG\STDAFX.OBJ
C:\USERS\NABIL\DOWNLOADS\OPENGL\MYPROJ - ROTATIONWORKINGASWELL\MYPROJ\DEBUG\VC100.PDB
C:\USERS\NABIL\DOWNLOADS\OPENGL\MYPROJ - TRYINGROTATION\DEBUG\MYPROJ.EXE
C:\USERS\NABIL\DOWNLOADS\OPENGL\MYPROJ - TRYINGROTATION\DEBUG\MYPROJ.ILK
C:\USERS\NABIL\DOWNLOADS\OPENGL\MYPROJ - TRYINGROTATION\DEBUG\MYPROJ.PDB
C:\USERS\NABIL\DOWNLOADS\OPENGL\MYPROJ - TRYINGROTATION\MYPROJ\DEBUG\MAIN.OBJ
C:\USERS\NABIL\DOWNLOADS\OPENGL\MYPROJ - TRYINGROTATION\MYPROJ\DEBUG\MYPROJ.EXE.EMBED.MANIFEST.RES
C:\USERS\NABIL\DOWNLOADS\OPENGL\MYPROJ - TRYINGROTATION\MYPROJ\DEBUG\MYPROJ.EXE.INTERMEDIATE.MANIFEST
C:\USERS\NABIL\DOWNLOADS\OPENGL\MYPROJ - TRYINGROTATION\MYPROJ\DEBUG\MYPROJ.OBJ
C:\USERS\NABIL\DOWNLOADS\OPENGL\MYPROJ - TRYINGROTATION\MYPROJ\DEBUG\MYPROJ.PCH
C:\USERS\NABIL\DOWNLOADS\OPENGL\MYPROJ - TRYINGROTATION\MYPROJ\DEBUG\SHADERS.OBJ
C:\USERS\NABIL\DOWNLOADS\OPENGL\MYPROJ - TRYINGROTATION\MYPROJ\DEBUG\STDAFX.OBJ
C:\USERS\NABIL\DOWNLOADS\OPENGL\MYPROJ - TRYINGROTATION\MYPROJ\DEBUG\VC100.PDB
C:\USERS\NABIL\DOWNLOADS\OPENGL\MYPROJ\DEBUG\MYPROJ.EXE
C:\USERS\NABIL\DOWNLOADS\OPENGL\MYPROJ\DEBUG\MYPROJ.ILK
C:\USERS\NABIL\DOWNLOADS\OPENGL\MYPROJ\DEBUG\MYPROJ.PDB
C:\USERS\NABIL\DOWNLOADS\OPENGL\MYPROJ\MYPROJ\DEBUG\MAIN.OBJ
C:\USERS\NABIL\DOWNLOADS\OPENGL\MYPROJ\MYPROJ\DEBUG\MYPROJ.EXE.EMBED.MANIFEST
C:\USERS\NABIL\DOWNLOADS\OPENGL\MYPROJ\MYPROJ\DEBUG\MYPROJ.EXE.EMBED.MANIFEST.RES
C:\USERS\NABIL\DOWNLOADS\OPENGL\MYPROJ\MYPROJ\DEBUG\MYPROJ.EXE.INTERMEDIATE.MANIFEST
C:\USERS\NABIL\DOWNLOADS\OPENGL\MYPROJ\MYPROJ\DEBUG\MYPROJ.OBJ
C:\USERS\NABIL\DOWNLOADS\OPENGL\MYPROJ\MYPROJ\DEBUG\MYPROJ.PCH
C:\USERS\NABIL\DOWNLOADS\OPENGL\MYPROJ\MYPROJ\DEBUG\SHADERS.OBJ
C:\USERS\NABIL\DOWNLOADS\OPENGL\MYPROJ\MYPROJ\DEBUG\STDAFX.OBJ
C:\USERS\NABIL\DOWNLOADS\OPENGL\MYPROJ\MYPROJ\DEBUG\VC100.PDB
C:\USERS\NABIL\DOWNLOADS\OPENGL\TEST\MYPROJ\DEBUG\MAIN.OBJ
C:\USERS\NABIL\DOWNLOADS\OPENGL\TEST\MYPROJ\DEBUG\MYPROJ.EXE.EMBED.MANIFEST.RES
C:\USERS\NABIL\DOWNLOADS\OPENGL\TEST\MYPROJ\DEBUG\MYPROJ.OBJ
C:\USERS\NABIL\DOWNLOADS\OPENGL\TEST\MYPROJ\DEBUG\MYPROJ.PCH
C:\USERS\NABIL\DOWNLOADS\OPENGL\TEST\MYPROJ\DEBUG\SHADERS.OBJ
C:\USERS\NABIL\DOWNLOADS\OPENGL\TEST\MYPROJ\DEBUG\STDAFX.OBJ
C:\USERS\NABIL\DOWNLOADS\OPENGL\TEST\MYPROJ\DEBUG\VC100.PDB
C:\USERS\NABIL\DROPBOX\ESIEE-IN5I11\LECTURE1\BASICDRAWING\DEBUG\MYPROJ.EXE
C:\USERS\NABIL\DROPBOX\ESIEE-IN5I11\LECTURE1\BASICDRAWING\DEBUG\MYPROJ.ILK
C:\USERS\NABIL\DROPBOX\ESIEE-IN5I11\LECTURE1\BASICDRAWING\DEBUG\MYPROJ.PDB
C:\USERS\NABIL\DROPBOX\ESIEE-IN5I11\LECTURE1\BASICDRAWING\MYPROJ\DEBUG\MAIN.OBJ
C:\USERS\NABIL\DROPBOX\ESIEE-IN5I11\LECTURE1\BASICDRAWING\MYPROJ\DEBUG\MYPROJ.EXE.EMBED.MANIFEST.RES
C:\USERS\NABIL\DROPBOX\ESIEE-IN5I11\LECTURE1\BASICDRAWING\MYPROJ\DEBUG\MYPROJ.EXE.INTERMEDIATE.MANIFEST
C:\USERS\NABIL\DROPBOX\ESIEE-IN5I11\LECTURE1\BASICDRAWING\MYPROJ\DEBUG\MYPROJ.OBJ
C:\USERS\NABIL\DROPBOX\ESIEE-IN5I11\LECTURE1\BASICDRAWING\MYPROJ\DEBUG\MYPROJ.PCH
C:\USERS\NABIL\DROPBOX\ESIEE-IN5I11\LECTURE1\BASICDRAWING\MYPROJ\DEBUG\SHADERS.OBJ
C:\USERS\NABIL\DROPBOX\ESIEE-IN5I11\LECTURE1\BASICDRAWING\MYPROJ\DEBUG\STDAFX.OBJ
C:\USERS\NABIL\DROPBOX\ESIEE-IN5I11\LECTURE1\BASICDRAWING\MYPROJ\DEBUG\VC100.PDB
C:\USERS\NABIL\DROPBOX\ESIEE-IN5I11\LECTURE3\TP1 - SOLUTION\DEBUG\MYPROJ.EXE
C:\USERS\NABIL\DROPBOX\ESIEE-IN5I11\LECTURE3\TP1 - SOLUTION\DEBUG\MYPROJ.ILK
C:\USERS\NABIL\DROPBOX\ESIEE-IN5I11\LECTURE3\TP1 - SOLUTION\DEBUG\MYPROJ.PDB
C:\USERS\NABIL\DROPBOX\ESIEE-IN5I11\LECTURE3\TP1 - SOLUTION\MYPROJ\DEBUG\MAIN.OBJ
C:\USERS\NABIL\DROPBOX\ESIEE-IN5I11\LECTURE3\TP1 - SOLUTION\MYPROJ\DEBUG\MYPROJ.EXE.EMBED.MANIFEST.RES
C:\USERS\NABIL\DROPBOX\ESIEE-IN5I11\LECTURE3\TP1 - SOLUTION\MYPROJ\DEBUG\MYPROJ.EXE.INTERMEDIATE.MANIFEST
C:\USERS\NABIL\DROPBOX\ESIEE-IN5I11\LECTURE3\TP1 - SOLUTION\MYPROJ\DEBUG\MYPROJ.OBJ
C:\USERS\NABIL\DROPBOX\ESIEE-IN5I11\LECTURE3\TP1 - SOLUTION\MYPROJ\DEBUG\MYPROJ.PCH
C:\USERS\NABIL\DROPBOX\ESIEE-IN5I11\LECTURE3\TP1 - SOLUTION\MYPROJ\DEBUG\POINT3D.OBJ
C:\USERS\NABIL\DROPBOX\ESIEE-IN5I11\LECTURE3\TP1 - SOLUTION\MYPROJ\DEBUG\SHADERS.OBJ
C:\USERS\NABIL\DROPBOX\ESIEE-IN5I11\LECTURE3\TP1 - SOLUTION\MYPROJ\DEBUG\STDAFX.OBJ
C:\USERS\NABIL\DROPBOX\ESIEE-IN5I11\LECTURE3\TP1 - SOLUTION\MYPROJ\DEBUG\VC100.PDB
C:\USERS\NABIL\DROPBOX\ESIEE-IN5I11\LECTURE3\TP1 - SOLUTION\MYPROJ\DEBUG\VECTOR3D.OBJ
C:\USERS\NABIL\DROPBOX\ESIEE-IN5I11\TP1\STARTING CODE - COPY\DEBUG\MYPROJ.EXE
C:\USERS\NABIL\DROPBOX\ESIEE-IN5I11\TP1\STARTING CODE - COPY\DEBUG\MYPROJ.ILK
C:\USERS\NABIL\DROPBOX\ESIEE-IN5I11\TP1\STARTING CODE - COPY\DEBUG\MYPROJ.PDB
C:\USERS\NABIL\DROPBOX\ESIEE-IN5I11\TP1\STARTING CODE - COPY\MYPROJ\DEBUG\MAIN.OBJ
C:\USERS\NABIL\DROPBOX\ESIEE-IN5I11\TP1\STARTING CODE - COPY\MYPROJ\DEBUG\MYPROJ.EXE.EMBED.MANIFEST.RES
C:\USERS\NABIL\DROPBOX\ESIEE-IN5I11\TP1\STARTING CODE - COPY\MYPROJ\DEBUG\MYPROJ.EXE.INTERMEDIATE.MANIFEST
C:\USERS\NABIL\DROPBOX\ESIEE-IN5I11\TP1\STARTING CODE - COPY\MYPROJ\DEBUG\MYPROJ.OBJ
C:\USERS\NABIL\DROPBOX\ESIEE-IN5I11\TP1\STARTING CODE - COPY\MYPROJ\DEBUG\MYPROJ.PCH
C:\USERS\NABIL\DROPBOX\ESIEE-IN5I11\TP1\STARTING CODE - COPY\MYPROJ\DEBUG\SHADERS.OBJ
C:\USERS\NABIL\DROPBOX\ESIEE-IN5I11\TP1\STARTING CODE - COPY\MYPROJ\DEBUG\STDAFX.OBJ
C:\USERS\NABIL\DROPBOX\ESIEE-IN5I11\TP1\STARTING CODE - COPY\MYPROJ\DEBUG\VC100.PDB
C:\USERS\NABIL\DROPBOX\ESIEE-IN5I11\TP1\STARTING CODE - SOLUTION\DEBUG\MYPROJ.EXE
C:\USERS\NABIL\DROPBOX\ESIEE-IN5I11\TP1\STARTING CODE - SOLUTION\DEBUG\MYPROJ.ILK
C:\USERS\NABIL\DROPBOX\ESIEE-IN5I11\TP1\STARTING CODE - SOLUTION\DEBUG\MYPROJ.PDB
C:\USERS\NABIL\DROPBOX\ESIEE-IN5I11\TP1\STARTING CODE - SOLUTION\MYPROJ\DEBUG\MAIN.OBJ
C:\USERS\NABIL\DROPBOX\ESIEE-IN5I11\TP1\STARTING CODE - SOLUTION\MYPROJ\DEBUG\MYPROJ.EXE.EMBED.MANIFEST
C:\USERS\NABIL\DROPBOX\ESIEE-IN5I11\TP1\STARTING CODE - SOLUTION\MYPROJ\DEBUG\MYPROJ.EXE.EMBED.MANIFEST.RES
C:\USERS\NABIL\DROPBOX\ESIEE-IN5I11\TP1\STARTING CODE - SOLUTION\MYPROJ\DEBUG\MYPROJ.EXE.INTERMEDIATE.MANIFEST
C:\USERS\NABIL\DROPBOX\ESIEE-IN5I11\TP1\STARTING CODE - SOLUTION\MYPROJ\DEBUG\MYPROJ.OBJ
C:\USERS\NABIL\DROPBOX\ESIEE-IN5I11\TP1\STARTING CODE - SOLUTION\MYPROJ\DEBUG\MYPROJ.PCH
C:\USERS\NABIL\DROPBOX\ESIEE-IN5I11\TP1\STARTING CODE - SOLUTION\MYPROJ\DEBUG\POINT3D.OBJ
C:\USERS\NABIL\DROPBOX\ESIEE-IN5I11\TP1\STARTING CODE - SOLUTION\MYPROJ\DEBUG\SHADERS.OBJ
C:\USERS\NABIL\DROPBOX\ESIEE-IN5I11\TP1\STARTING CODE - SOLUTION\MYPROJ\DEBUG\STDAFX.OBJ
C:\USERS\NABIL\DROPBOX\ESIEE-IN5I11\TP1\STARTING CODE - SOLUTION\MYPROJ\DEBUG\VC100.PDB
C:\USERS\NABIL\DROPBOX\ESIEE-IN5I11\TP1\STARTING CODE - SOLUTION\MYPROJ\DEBUG\VECTOR3D.OBJ
C:\USERS\NABIL\DROPBOX\ESIEE-IN5I11\TP1\STARTING CODE\DEBUG\MYPROJ.EXE
C:\USERS\NABIL\DROPBOX\ESIEE-IN5I11\TP1\STARTING CODE\DEBUG\MYPROJ.ILK
C:\USERS\NABIL\DROPBOX\ESIEE-IN5I11\TP1\STARTING CODE\DEBUG\MYPROJ.PDB
C:\USERS\NABIL\DROPBOX\ESIEE-IN5I11\TP1\STARTING CODE\MYPROJ\DEBUG\MAIN.OBJ
C:\USERS\NABIL\DROPBOX\ESIEE-IN5I11\TP1\STARTING CODE\MYPROJ\DEBUG\MYPROJ.EXE.EMBED.MANIFEST.RES
C:\USERS\NABIL\DROPBOX\ESIEE-IN5I11\TP1\STARTING CODE\MYPROJ\DEBUG\MYPROJ.EXE.INTERMEDIATE.MANIFEST
C:\USERS\NABIL\DROPBOX\ESIEE-IN5I11\TP1\STARTING CODE\MYPROJ\DEBUG\MYPROJ.OBJ
C:\USERS\NABIL\DROPBOX\ESIEE-IN5I11\TP1\STARTING CODE\MYPROJ\DEBUG\MYPROJ.PCH
C:\USERS\NABIL\DROPBOX\ESIEE-IN5I11\TP1\STARTING CODE\MYPROJ\DEBUG\SHADERS.OBJ
C:\USERS\NABIL\DROPBOX\ESIEE-IN5I11\TP1\STARTING CODE\MYPROJ\DEBUG\STDAFX.OBJ
C:\USERS\NABIL\DROPBOX\ESIEE-IN5I11\TP1\STARTING CODE\MYPROJ\DEBUG\VC100.PDB
C:\USERS\NABIL\DROPBOX\ESIEE-OV5-M3D\LECTURE2\TP1 - SOLUTION - CLASS DEMO - USED\DEBUG\MYPROJ.EXE
C:\USERS\NABIL\DROPBOX\ESIEE-OV5-M3D\LECTURE2\TP1 - SOLUTION - CLASS DEMO - USED\DEBUG\MYPROJ.ILK
C:\USERS\NABIL\DROPBOX\ESIEE-OV5-M3D\LECTURE2\TP1 - SOLUTION - CLASS DEMO - USED\DEBUG\MYPROJ.PDB
C:\USERS\NABIL\DROPBOX\ESIEE-OV5-M3D\LECTURE2\TP1 - SOLUTION - CLASS DEMO - USED\MYPROJ\DEBUG\MAIN.OBJ
C:\USERS\NABIL\DROPBOX\ESIEE-OV5-M3D\LECTURE2\TP1 - SOLUTION - CLASS DEMO - USED\MYPROJ\DEBUG\MYPROJ.EXE.EMBED.MANIFEST.RES
C:\USERS\NABIL\DROPBOX\ESIEE-OV5-M3D\LECTURE2\TP1 - SOLUTION - CLASS DEMO - USED\MYPROJ\DEBUG\MYPROJ.EXE.INTERMEDIATE.MANIFEST
C:\USERS\NABIL\DROPBOX\ESIEE-OV5-M3D\LECTURE2\TP1 - SOLUTION - CLASS DEMO - USED\MYPROJ\DEBUG\MYPROJ.OBJ
C:\USERS\NABIL\DROPBOX\ESIEE-OV5-M3D\LECTURE2\TP1 - SOLUTION - CLASS DEMO - USED\MYPROJ\DEBUG\MYPROJ.PCH
C:\USERS\NABIL\DROPBOX\ESIEE-OV5-M3D\LECTURE2\TP1 - SOLUTION - CLASS DEMO - USED\MYPROJ\DEBUG\POINT3D.OBJ
C:\USERS\NABIL\DROPBOX\ESIEE-OV5-M3D\LECTURE2\TP1 - SOLUTION - CLASS DEMO - USED\MYPROJ\DEBUG\SHADERS.OBJ
C:\USERS\NABIL\DROPBOX\ESIEE-OV5-M3D\LECTURE2\TP1 - SOLUTION - CLASS DEMO - USED\MYPROJ\DEBUG\STDAFX.OBJ
C:\USERS\NABIL\DROPBOX\ESIEE-OV5-M3D\LECTURE2\TP1 - SOLUTION - CLASS DEMO - USED\MYPROJ\DEBUG\VC100.PDB
C:\USERS\NABIL\DROPBOX\ESIEE-OV5-M3D\LECTURE2\TP1 - SOLUTION - CLASS DEMO - USED\MYPROJ\DEBUG\VECTOR3D.OBJ
C:\USERS\NABIL\DROPBOX\ESIEE-OV5-M3D\LECTURE2\TP1 - SOLUTION - CLASS DEMO\DEBUG\MYPROJ.EXE
C:\USERS\NABIL\DROPBOX\ESIEE-OV5-M3D\LECTURE2\TP1 - SOLUTION - CLASS DEMO\DEBUG\MYPROJ.ILK
C:\USERS\NABIL\DROPBOX\ESIEE-OV5-M3D\LECTURE2\TP1 - SOLUTION - CLASS DEMO\DEBUG\MYPROJ.PDB
C:\USERS\NABIL\DROPBOX\ESIEE-OV5-M3D\LECTURE2\TP1 - SOLUTION - CLASS DEMO\MYPROJ\DEBUG\MAIN.OBJ
C:\USERS\NABIL\DROPBOX\ESIEE-OV5-M3D\LECTURE2\TP1 - SOLUTION - CLASS DEMO\MYPROJ\DEBUG\MYPROJ.EXE.EMBED.MANIFEST.RES
C:\USERS\NABIL\DROPBOX\ESIEE-OV5-M3D\LECTURE2\TP1 - SOLUTION - CLASS DEMO\MYPROJ\DEBUG\MYPROJ.EXE.INTERMEDIATE.MANIFEST
C:\USERS\NABIL\DROPBOX\ESIEE-OV5-M3D\LECTURE2\TP1 - SOLUTION - CLASS DEMO\MYPROJ\DEBUG\MYPROJ.OBJ
C:\USERS\NABIL\DROPBOX\ESIEE-OV5-M3D\LECTURE2\TP1 - SOLUTION - CLASS DEMO\MYPROJ\DEBUG\MYPROJ.PCH
C:\USERS\NABIL\DROPBOX\ESIEE-OV5-M3D\LECTURE2\TP1 - SOLUTION - CLASS DEMO\MYPROJ\DEBUG\POINT3D.OBJ
C:\USERS\NABIL\DROPBOX\ESIEE-OV5-M3D\LECTURE2\TP1 - SOLUTION - CLASS DEMO\MYPROJ\DEBUG\SHADERS.OBJ
C:\USERS\NABIL\DROPBOX\ESIEE-OV5-M3D\LECTURE2\TP1 - SOLUTION - CLASS DEMO\MYPROJ\DEBUG\STDAFX.OBJ
C:\USERS\NABIL\DROPBOX\ESIEE-OV5-M3D\LECTURE2\TP1 - SOLUTION - CLASS DEMO\MYPROJ\DEBUG\VC100.PDB
C:\USERS\NABIL\DROPBOX\ESIEE-OV5-M3D\LECTURE2\TP1 - SOLUTION - CLASS DEMO\MYPROJ\DEBUG\VECTOR3D.OBJ
C:\USERS\NABIL\DROPBOX\ESIEE-OV5-M3D\TP1\TP1\DEBUG\MYPROJ.EXE
C:\USERS\NABIL\DROPBOX\ESIEE-OV5-M3D\TP1\TP1\DEBUG\MYPROJ.ILK
C:\USERS\NABIL\DROPBOX\ESIEE-OV5-M3D\TP1\TP1\DEBUG\MYPROJ.PDB
C:\Users\nabil\Dropbox\ESIEE-OV5-M3D\TP1\TP1\myproj\Debug\cl.command.1.tlog
C:\Users\nabil\Dropbox\ESIEE-OV5-M3D\TP1\TP1\myproj\Debug\CL.read.1.tlog
C:\Users\nabil\Dropbox\ESIEE-OV5-M3D\TP1\TP1\myproj\Debug\CL.write.1.tlog
C:\Users\nabil\Dropbox\ESIEE-OV5-M3D\TP1\TP1\myproj\Debug\link.10380.read.1.tlog
C:\Users\nabil\Dropbox\ESIEE-OV5-M3D\TP1\TP1\myproj\Debug\link.10380.write.1.tlog
C:\Users\nabil\Dropbox\ESIEE-OV5-M3D\TP1\TP1\myproj\Debug\link.10380-cvtres.read.1.tlog
C:\Users\nabil\Dropbox\ESIEE-OV5-M3D\TP1\TP1\myproj\Debug\link.10380-cvtres.write.1.tlog
C:\Users\nabil\Dropbox\ESIEE-OV5-M3D\TP1\TP1\myproj\Debug\link.10464.read.1.tlog
C:\Users\nabil\Dropbox\ESIEE-OV5-M3D\TP1\TP1\myproj\Debug\link.10464.write.1.tlog
C:\Users\nabil\Dropbox\ESIEE-OV5-M3D\TP1\TP1\myproj\Debug\link.10464-cvtres.read.1.tlog
C:\Users\nabil\Dropbox\ESIEE-OV5-M3D\TP1\TP1\myproj\Debug\link.10464-cvtres.write.1.tlog
C:\Users\nabil\Dropbox\ESIEE-OV5-M3D\TP1\TP1\myproj\Debug\link.10516.read.1.tlog
C:\Users\nabil\Dropbox\ESIEE-OV5-M3D\TP1\TP1\myproj\Debug\link.10516.write.1.tlog
C:\Users\nabil\Dropbox\ESIEE-OV5-M3D\TP1\TP1\myproj\Debug\link.10516-cvtres.read.1.tlog
C:\Users\nabil\Dropbox\ESIEE-OV5-M3D\TP1\TP1\myproj\Debug\link.10516-cvtres.write.1.tlog
C:\Users\nabil\Dropbox\ESIEE-OV5-M3D\TP1\TP1\myproj\Debug\link.10756.read.1.tlog
C:\Users\nabil\Dropbox\ESIEE-OV5-M3D\TP1\TP1\myproj\Debug\link.10756.write.1.tlog
C:\Users\nabil\Dropbox\ESIEE-OV5-M3D\TP1\TP1\myproj\Debug\link.10756-cvtres.read.1.tlog
C:\Users\nabil\Dropbox\ESIEE-OV5-M3D\TP1\TP1\myproj\Debug\link.10756-cvtres.write.1.tlog
C:\Users\nabil\Dropbox\ESIEE-OV5-M3D\TP1\TP1\myproj\Debug\link.10864.read.1.tlog
C:\Users\nabil\Dropbox\ESIEE-OV5-M3D\TP1\TP1\myproj\Debug\link.10864.write.1.tlog
C:\Users\nabil\Dropbox\ESIEE-OV5-M3D\TP1\TP1\myproj\Debug\link.10864-cvtres.read.1.tlog
C:\Users\nabil\Dropbox\ESIEE-OV5-M3D\TP1\TP1\myproj\Debug\link.10864-cvtres.write.1.tlog
C:\Users\nabil\Dropbox\ESIEE-OV5-M3D\TP1\TP1\myproj\Debug\link.10984.read.1.tlog
C:\Users\nabil\Dropbox\ESIEE-OV5-M3D\TP1\TP1\myproj\Debug\link.10984.write.1.tlog
C:\Users\nabil\Dropbox\ESIEE-OV5-M3D\TP1\TP1\myproj\Debug\link.10984-cvtres.read.1.tlog
C:\Users\nabil\Dropbox\ESIEE-OV5-M3D\TP1\TP1\myproj\Debug\link.10984-cvtres.write.1.tlog
C:\Users\nabil\Dropbox\ESIEE-OV5-M3D\TP1\TP1\myproj\Debug\link.11660.read.1.tlog
C:\Users\nabil\Dropbox\ESIEE-OV5-M3D\TP1\TP1\myproj\Debug\link.11660.write.1.tlog
C:\Users\nabil\Dropbox\ESIEE-OV5-M3D\TP1\TP1\myproj\Debug\link.11660-cvtres.read.1.tlog
C:\Users\nabil\Dropbox\ESIEE-OV5-M3D\TP1\TP1\myproj\Debug\link.11660-cvtres.write.1.tlog
C:\Users\nabil\Dropbox\ESIEE-OV5-M3D\TP1\TP1\myproj\Debug\link.12024.read.1.tlog
C:\Users\nabil\Dropbox\ESIEE-OV5-M3D\TP1\TP1\myproj\Debug\link.12024.write.1.tlog
C:\Users\nabil\Dropbox\ESIEE-OV5-M3D\TP1\TP1\myproj\Debug\link.12024-cvtres.read.1.tlog
C:\Users\nabil\Dropbox\ESIEE-OV5-M3D\TP1\TP1\myproj\Debug\link.12024-cvtres.write.1.tlog
C:\Users\nabil\Dropbox\ESIEE-OV5-M3D\TP1\TP1\myproj\Debug\link.12324.read.1.tlog
C:\Users\nabil\Dropbox\ESIEE-OV5-M3D\TP1\TP1\myproj\Debug\link.12324.write.1.tlog
C:\Users\nabil\Dropbox\ESIEE-OV5-M3D\TP1\TP1\myproj\Debug\link.12324-cvtres.read.1.tlog
C:\Users\nabil\Dropbox\ESIEE-OV5-M3D\TP1\TP1\myproj\Debug\link.12324-cvtres.write.1.tlog
C:\Users\nabil\Dropbox\ESIEE-OV5-M3D\TP1\TP1\myproj\Debug\link.12580.read.1.tlog
C:\Users\nabil\Dropbox\ESIEE-OV5-M3D\TP1\TP1\myproj\Debug\link.12580.write.1.tlog
C:\Users\nabil\Dropbox\ESIEE-OV5-M3D\TP1\TP1\myproj\Debug\link.12580-cvtres.read.1.tlog
C:\Users\nabil\Dropbox\ESIEE-OV5-M3D\TP1\TP1\myproj\Debug\link.12580-cvtres.write.1.tlog
C:\Users\nabil\Dropbox\ESIEE-OV5-M3D\TP1\TP1\myproj\Debug\link.12616.read.1.tlog
C:\Users\nabil\Dropbox\ESIEE-OV5-M3D\TP1\TP1\myproj\Debug\link.12616.write.1.tlog
C:\Users\nabil\Dropbox\ESIEE-OV5-M3D\TP1\TP1\myproj\Debug\link.12616-cvtres.read.1.tlog
C:\Users\nabil\Dropbox\ESIEE-OV5-M3D\TP1\TP1\myproj\Debug\link.12616-cvtres.write.1.tlog
C:\Users\nabil\Dropbox\ESIEE-OV5-M3D\TP1\TP1\myproj\Debug\link.12784.read.1.tlog
C:\Users\nabil\Dropbox\ESIEE-OV5-M3D\TP1\TP1\myproj\Debug\link.12784.write.1.tlog
C:\Users\nabil\Dropbox\ESIEE-OV5-M3D\TP1\TP1\myproj\Debug\link.12784-cvtres.read.1.tlog
C:\Users\nabil\Dropbox\ESIEE-OV5-M3D\TP1\TP1\myproj\Debug\link.12784-cvtres.write.1.tlog
C:\Users\nabil\Dropbox\ESIEE-OV5-M3D\TP1\TP1\myproj\Debug\link.12832.read.1.tlog
C:\Users\nabil\Dropbox\ESIEE-OV5-M3D\TP1\TP1\myproj\Debug\link.12832.write.1.tlog
C:\Users\nabil\Dropbox\ESIEE-OV5-M3D\TP1\TP1\myproj\Debug\link.12832-cvtres.read.1.tlog
C:\Users\nabil\Dropbox\ESIEE-OV5-M3D\TP1\TP1\myproj\Debug\link.12832-cvtres.write.1.tlog
C:\Users\nabil\Dropbox\ESIEE-OV5-M3D\TP1\TP1\myproj\Debug\link.12836.read.1.tlog
C:\Users\nabil\Dropbox\ESIEE-OV5-M3D\TP1\TP1\myproj\Debug\link.12836.write.1.tlog
C:\Users\nabil\Dropbox\ESIEE-OV5-M3D\TP1\TP1\myproj\Debug\link.12836-cvtres.read.1.tlog
C:\Users\nabil\Dropbox\ESIEE-OV5-M3D\TP1\TP1\myproj\Debug\link.12836-cvtres.write.1.tlog
C:\Users\nabil\Dropbox\ESIEE-OV5-M3D\TP1\TP1\myproj\Debug\link.12888.read.1.tlog
C:\Users\nabil\Dropbox\ESIEE-OV5-M3D\TP1\TP1\myproj\Debug\link.12888.write.1.tlog
C:\Users\nabil\Dropbox\ESIEE-OV5-M3D\TP1\TP1\myproj\Debug\link.12888-cvtres.read.1.tlog
C:\Users\nabil\Dropbox\ESIEE-OV5-M3D\TP1\TP1\myproj\Debug\link.12888-cvtres.write.1.tlog
C:\Users\nabil\Dropbox\ESIEE-OV5-M3D\TP1\TP1\myproj\Debug\link.14312.read.1.tlog
C:\Users\nabil\Dropbox\ESIEE-OV5-M3D\TP1\TP1\myproj\Debug\link.14312.write.1.tlog
C:\Users\nabil\Dropbox\ESIEE-OV5-M3D\TP1\TP1\myproj\Debug\link.14312-cvtres.read.1.tlog
C:\Users\nabil\Dropbox\ESIEE-OV5-M3D\TP1\TP1\myproj\Debug\link.14312-cvtres.write.1.tlog
C:\Users\nabil\Dropbox\ESIEE-OV5-M3D\TP1\TP1\myproj\Debug\link.14348.14340.read.1.tlog
C:\Users\nabil\Dropbox\ESIEE-OV5-M3D\TP1\TP1\myproj\Debug\link.14348.14340.write.1.tlog
C:\Users\nabil\Dropbox\ESIEE-OV5-M3D\TP1\TP1\myproj\Debug\link.14348.14340-cvtres.read.1.tlog
C:\Users\nabil\Dropbox\ESIEE-OV5-M3D\TP1\TP1\myproj\Debug\link.14348.14340-cvtres.write.1.tlog
C:\Users\nabil\Dropbox\ESIEE-OV5-M3D\TP1\TP1\myproj\Debug\link.14348.read.1.tlog
C:\Users\nabil\Dropbox\ESIEE-OV5-M3D\TP1\TP1\myproj\Debug\link.14348.write.1.tlog
C:\Users\nabil\Dropbox\ESIEE-OV5-M3D\TP1\TP1\myproj\Debug\link.14348-cvtres.read.1.tlog
C:\Users\nabil\Dropbox\ESIEE-OV5-M3D\TP1\TP1\myproj\Debug\link.14348-cvtres.write.1.tlog
C:\Users\nabil\Dropbox\ESIEE-OV5-M3D\TP1\TP1\myproj\Debug\link.14576.read.1.tlog
C:\Users\nabil\Dropbox\ESIEE-OV5-M3D\TP1\TP1\myproj\Debug\link.14576.write.1.tlog
C:\Users\nabil\Dropbox\ESIEE-OV5-M3D\TP1\TP1\myproj\Debug\link.14576-cvtres.read.1.tlog
C:\Users\nabil\Dropbox\ESIEE-OV5-M3D\TP1\TP1\myproj\Debug\link.14576-cvtres.write.1.tlog
C:\Users\nabil\Dropbox\ESIEE-OV5-M3D\TP1\TP1\myproj\Debug\link.14600.read.1.tlog
C:\Users\nabil\Dropbox\ESIEE-OV5-M3D\TP1\TP1\myproj\Debug\link.14600.write.1.tlog
C:\Users\nabil\Dropbox\ESIEE-OV5-M3D\TP1\TP1\myproj\Debug\link.14600-cvtres.read.1.tlog
C:\Users\nabil\Dropbox\ESIEE-OV5-M3D\TP1\TP1\myproj\Debug\link.14600-cvtres.write.1.tlog
C:\Users\nabil\Dropbox\ESIEE-OV5-M3D\TP1\TP1\myproj\Debug\link.14884.read.1.tlog
C:\Users\nabil\Dropbox\ESIEE-OV5-M3D\TP1\TP1\myproj\Debug\link.14884.write.1.tlog
C:\Users\nabil\Dropbox\ESIEE-OV5-M3D\TP1\TP1\myproj\Debug\link.14884-cvtres.read.1.tlog
C:\Users\nabil\Dropbox\ESIEE-OV5-M3D\TP1\TP1\myproj\Debug\link.14884-cvtres.write.1.tlog
C:\Users\nabil\Dropbox\ESIEE-OV5-M3D\TP1\TP1\myproj\Debug\link.14956.read.1.tlog
C:\Users\nabil\Dropbox\ESIEE-OV5-M3D\TP1\TP1\myproj\Debug\link.14956.write.1.tlog
C:\Users\nabil\Dropbox\ESIEE-OV5-M3D\TP1\TP1\myproj\Debug\link.14956-cvtres.read.1.tlog
C:\Users\nabil\Dropbox\ESIEE-OV5-M3D\TP1\TP1\myproj\Debug\link.14956-cvtres.write.1.tlog
C:\Users\nabil\Dropbox\ESIEE-OV5-M3D\TP1\TP1\myproj\Debug\link.15184.read.1.tlog
C:\Users\nabil\Dropbox\ESIEE-OV5-M3D\TP1\TP1\myproj\Debug\link.15184.write.1.tlog
C:\Users\nabil\Dropbox\ESIEE-OV5-M3D\TP1\TP1\myproj\Debug\link.15184-cvtres.read.1.tlog
C:\Users\nabil\Dropbox\ESIEE-OV5-M3D\TP1\TP1\myproj\Debug\link.15184-cvtres.write.1.tlog
C:\Users\nabil\Dropbox\ESIEE-OV5-M3D\TP1\TP1\myproj\Debug\link.15324.read.1.tlog
C:\Users\nabil\Dropbox\ESIEE-OV5-M3D\TP1\TP1\myproj\Debug\link.15324.write.1.tlog
C:\Users\nabil\Dropbox\ESIEE-OV5-M3D\TP1\TP1\myproj\Debug\link.15324-cvtres.read.1.tlog
C:\Users\nabil\Dropbox\ESIEE-OV5-M3D\TP1\TP1\myproj\Debug\link.15324-cvtres.write.1.tlog
C:\Users\nabil\Dropbox\ESIEE-OV5-M3D\TP1\TP1\myproj\Debug\link.15544.read.1.tlog
C:\Users\nabil\Dropbox\ESIEE-OV5-M3D\TP1\TP1\myproj\Debug\link.15544.write.1.tlog
C:\Users\nabil\Dropbox\ESIEE-OV5-M3D\TP1\TP1\myproj\Debug\link.15544-cvtres.read.1.tlog
C:\Users\nabil\Dropbox\ESIEE-OV5-M3D\TP1\TP1\myproj\Debug\link.15544-cvtres.write.1.tlog
C:\Users\nabil\Dropbox\ESIEE-OV5-M3D\TP1\TP1\myproj\Debug\link.1588.read.1.tlog
C:\Users\nabil\Dropbox\ESIEE-OV5-M3D\TP1\TP1\myproj\Debug\link.1588.write.1.tlog
C:\Users\nabil\Dropbox\ESIEE-OV5-M3D\TP1\TP1\myproj\Debug\link.1588-cvtres.read.1.tlog
C:\Users\nabil\Dropbox\ESIEE-OV5-M3D\TP1\TP1\myproj\Debug\link.1588-cvtres.write.1.tlog
C:\Users\nabil\Dropbox\ESIEE-OV5-M3D\TP1\TP1\myproj\Debug\link.16176.read.1.tlog
C:\Users\nabil\Dropbox\ESIEE-OV5-M3D\TP1\TP1\myproj\Debug\link.16176.write.1.tlog
C:\Users\nabil\Dropbox\ESIEE-OV5-M3D\TP1\TP1\myproj\Debug\link.16176-cvtres.read.1.tlog
C:\Users\nabil\Dropbox\ESIEE-OV5-M3D\TP1\TP1\myproj\Debug\link.16176-cvtres.write.1.tlog
C:\Users\nabil\Dropbox\ESIEE-OV5-M3D\TP1\TP1\myproj\Debug\link.1724.read.1.tlog
C:\Users\nabil\Dropbox\ESIEE-OV5-M3D\TP1\TP1\myproj\Debug\link.1724.write.1.tlog
C:\Users\nabil\Dropbox\ESIEE-OV5-M3D\TP1\TP1\myproj\Debug\link.1724-cvtres.read.1.tlog
C:\Users\nabil\Dropbox\ESIEE-OV5-M3D\TP1\TP1\myproj\Debug\link.1724-cvtres.write.1.tlog
C:\Users\nabil\Dropbox\ESIEE-OV5-M3D\TP1\TP1\myproj\Debug\link.18564.read.1.tlog
C:\Users\nabil\Dropbox\ESIEE-OV5-M3D\TP1\TP1\myproj\Debug\link.18564.write.1.tlog
C:\Users\nabil\Dropbox\ESIEE-OV5-M3D\TP1\TP1\myproj\Debug\link.18564-cvtres.read.1.tlog
C:\Users\nabil\Dropbox\ESIEE-OV5-M3D\TP1\TP1\myproj\Debug\link.18564-cvtres.write.1.tlog
C:\Users\nabil\Dropbox\ESIEE-OV5-M3D\TP1\TP1\myproj\Debug\link.1888.read.1.tlog
C:\Users\nabil\Dropbox\ESIEE-OV5-M3D\TP1\TP1\myproj\Debug\link.1888.write.1.tlog
C:\Users\nabil\Dropbox\ESIEE-OV5-M3D\TP1\TP1\myproj\Debug\link.1888-cvtres.read.1.tlog
C:\Users\nabil\Dropbox\ESIEE-OV5-M3D\TP1\TP1\myproj\Debug\link.1888-cvtres.write.1.tlog
C:\Users\nabil\Dropbox\ESIEE-OV5-M3D\TP1\TP1\myproj\Debug\link.22408.read.1.tlog
C:\Users\nabil\Dropbox\ESIEE-OV5-M3D\TP1\TP1\myproj\Debug\link.22408.write.1.tlog
C:\Users\nabil\Dropbox\ESIEE-OV5-M3D\TP1\TP1\myproj\Debug\link.22408-cvtres.read.1.tlog
C:\Users\nabil\Dropbox\ESIEE-OV5-M3D\TP1\TP1\myproj\Debug\link.22408-cvtres.write.1.tlog
C:\Users\nabil\Dropbox\ESIEE-OV5-M3D\TP1\TP1\myproj\Debug\link.4380.read.1.tlog
C:\Users\nabil\Dropbox\ESIEE-OV5-M3D\TP1\TP1\myproj\Debug\link.4380.write.1.tlog
C:\Users\nabil\Dropbox\ESIEE-OV5-M3D\TP1\TP1\myproj\Debug\link.4380-cvtres.read.1.tlog
C:\Users\nabil\Dropbox\ESIEE-OV5-M3D\TP1\TP1\myproj\Debug\link.4380-cvtres.write.1.tlog
C:\Users\nabil\Dropbox\ESIEE-OV5-M3D\TP1\TP1\myproj\Debug\link.5900.read.1.tlog
C:\Users\nabil\Dropbox\ESIEE-OV5-M3D\TP1\TP1\myproj\Debug\link.5900.write.1.tlog
C:\Users\nabil\Dropbox\ESIEE-OV5-M3D\TP1\TP1\myproj\Debug\link.5900-cvtres.read.1.tlog
C:\Users\nabil\Dropbox\ESIEE-OV5-M3D\TP1\TP1\myproj\Debug\link.5900-cvtres.write.1.tlog
C:\Users\nabil\Dropbox\ESIEE-OV5-M3D\TP1\TP1\myproj\Debug\link.6760.read.1.tlog
C:\Users\nabil\Dropbox\ESIEE-OV5-M3D\TP1\TP1\myproj\Debug\link.6760.write.1.tlog
C:\Users\nabil\Dropbox\ESIEE-OV5-M3D\TP1\TP1\myproj\Debug\link.6760-cvtres.read.1.tlog
C:\Users\nabil\Dropbox\ESIEE-OV5-M3D\TP1\TP1\myproj\Debug\link.6760-cvtres.write.1.tlog
C:\Users\nabil\Dropbox\ESIEE-OV5-M3D\TP1\TP1\myproj\Debug\link.6872.read.1.tlog
C:\Users\nabil\Dropbox\ESIEE-OV5-M3D\TP1\TP1\myproj\Debug\link.6872.write.1.tlog
C:\Users\nabil\Dropbox\ESIEE-OV5-M3D\TP1\TP1\myproj\Debug\link.6872-cvtres.read.1.tlog
C:\Users\nabil\Dropbox\ESIEE-OV5-M3D\TP1\TP1\myproj\Debug\link.6872-cvtres.write.1.tlog
C:\Users\nabil\Dropbox\ESIEE-OV5-M3D\TP1\TP1\myproj\Debug\link.7100.read.1.tlog
C:\Users\nabil\Dropbox\ESIEE-OV5-M3D\TP1\TP1\myproj\Debug\link.7100.write.1.tlog
C:\Users\nabil\Dropbox\ESIEE-OV5-M3D\TP1\TP1\myproj\Debug\link.7100-cvtres.read.1.tlog
C:\Users\nabil\Dropbox\ESIEE-OV5-M3D\TP1\TP1\myproj\Debug\link.7100-cvtres.write.1.tlog
C:\Users\nabil\Dropbox\ESIEE-OV5-M3D\TP1\TP1\myproj\Debug\link.7648.read.1.tlog
C:\Users\nabil\Dropbox\ESIEE-OV5-M3D\TP1\TP1\myproj\Debug\link.7648.write.1.tlog
C:\Users\nabil\Dropbox\ESIEE-OV5-M3D\TP1\TP1\myproj\Debug\link.7648-cvtres.read.1.tlog
C:\Users\nabil\Dropbox\ESIEE-OV5-M3D\TP1\TP1\myproj\Debug\link.7648-cvtres.write.1.tlog
C:\Users\nabil\Dropbox\ESIEE-OV5-M3D\TP1\TP1\myproj\Debug\link.8100.read.1.tlog
C:\Users\nabil\Dropbox\ESIEE-OV5-M3D\TP1\TP1\myproj\Debug\link.8100.write.1.tlog
C:\Users\nabil\Dropbox\ESIEE-OV5-M3D\TP1\TP1\myproj\Debug\link.8100-cvtres.read.1.tlog
C:\Users\nabil\Dropbox\ESIEE-OV5-M3D\TP1\TP1\myproj\Debug\link.8100-cvtres.write.1.tlog
C:\Users\nabil\Dropbox\ESIEE-OV5-M3D\TP1\TP1\myproj\Debug\link.8392.read.1.tlog
C:\Users\nabil\Dropbox\ESIEE-OV5-M3D\TP1\TP1\myproj\Debug\link.8392.write.1.tlog
C:\Users\nabil\Dropbox\ESIEE-OV5-M3D\TP1\TP1\myproj\Debug\link.8392-cvtres.read.1.tlog
C:\Users\nabil\Dropbox\ESIEE-OV5-M3D\TP1\TP1\myproj\Debug\link.8392-cvtres.write.1.tlog
C:\Users\nabil\Dropbox\ESIEE-OV5-M3D\TP1\TP1\myproj\Debug\link.8672.read.1.tlog
C:\Users\nabil\Dropbox\ESIEE-OV5-M3D\TP1\TP1\myproj\Debug\link.8672.write.1.tlog
C:\Users\nabil\Dropbox\ESIEE-OV5-M3D\TP1\TP1\myproj\Debug\link.8672-cvtres.read.1.tlog
C:\Users\nabil\Dropbox\ESIEE-OV5-M3D\TP1\TP1\myproj\Debug\link.8672-cvtres.write.1.tlog
C:\Users\nabil\Dropbox\ESIEE-OV5-M3D\TP1\TP1\myproj\Debug\link.8856.read.1.tlog
C:\Users\nabil\Dropbox\ESIEE-OV5-M3D\TP1\TP1\myproj\Debug\link.8856.write.1.tlog
C:\Users\nabil\Dropbox\ESIEE-OV5-M3D\TP1\TP1\myproj\Debug\link.8856-cvtres.read.1.tlog
C:\Users\nabil\Dropbox\ESIEE-OV5-M3D\TP1\TP1\myproj\Debug\link.8856-cvtres.write.1.tlog
C:\Users\nabil\Dropbox\ESIEE-OV5-M3D\TP1\TP1\myproj\Debug\link.9052.read.1.tlog
C:\Users\nabil\Dropbox\ESIEE-OV5-M3D\TP1\TP1\myproj\Debug\link.9052.write.1.tlog
C:\Users\nabil\Dropbox\ESIEE-OV5-M3D\TP1\TP1\myproj\Debug\link.9052-cvtres.read.1.tlog
C:\Users\nabil\Dropbox\ESIEE-OV5-M3D\TP1\TP1\myproj\Debug\link.9052-cvtres.write.1.tlog
C:\Users\nabil\Dropbox\ESIEE-OV5-M3D\TP1\TP1\myproj\Debug\link.9220.read.1.tlog
C:\Users\nabil\Dropbox\ESIEE-OV5-M3D\TP1\TP1\myproj\Debug\link.9220.write.1.tlog
C:\Users\nabil\Dropbox\ESIEE-OV5-M3D\TP1\TP1\myproj\Debug\link.9220-cvtres.read.1.tlog
C:\Users\nabil\Dropbox\ESIEE-OV5-M3D\TP1\TP1\myproj\Debug\link.9220-cvtres.write.1.tlog
C:\Users\nabil\Dropbox\ESIEE-OV5-M3D\TP1\TP1\myproj\Debug\link.command.1.tlog
C:\Users\nabil\Dropbox\ESIEE-OV5-M3D\TP1\TP1\myproj\Debug\link.read.1.tlog
C:\Users\nabil\Dropbox\ESIEE-OV5-M3D\TP1\TP1\myproj\Debug\link.write.1.tlog
C:\Users\nabil\Dropbox\ESIEE-OV5-M3D\TP1\TP1\myproj\Debug\link-cvtres.read.1.tlog
C:\Users\nabil\Dropbox\ESIEE-OV5-M3D\TP1\TP1\myproj\Debug\link-cvtres.write.1.tlog
C:\USERS\NABIL\DROPBOX\ESIEE-OV5-M3D\TP1\TP1\MYPROJ\DEBUG\MAIN.OBJ
C:\Users\nabil\Dropbox\ESIEE-OV5-M3D\TP1\TP1\myproj\Debug\mt.command.1.tlog
C:\Users\nabil\Dropbox\ESIEE-OV5-M3D\TP1\TP1\myproj\Debug\mt.read.1.tlog
C:\Users\nabil\Dropbox\ESIEE-OV5-M3D\TP1\TP1\myproj\Debug\mt.write.1.tlog
C:\Users\nabil\Dropbox\ESIEE-OV5-M3D\TP1\TP1\myproj\Debug\myproj.exe.embed.manifest
C:\USERS\NABIL\DROPBOX\ESIEE-OV5-M3D\TP1\TP1\MYPROJ\DEBUG\MYPROJ.EXE.EMBED.MANIFEST.RES
C:\USERS\NABIL\DROPBOX\ESIEE-OV5-M3D\TP1\TP1\MYPROJ\DEBUG\MYPROJ.EXE.INTERMEDIATE.MANIFEST
C:\USERS\NABIL\DROPBOX\ESIEE-OV5-M3D\TP1\TP1\MYPROJ\DEBUG\MYPROJ.OBJ
C:\USERS\NABIL\DROPBOX\ESIEE-OV5-M3D\TP1\TP1\MYPROJ\DEBUG\MYPROJ.PCH
C:\Users\nabil\Dropbox\ESIEE-OV5-M3D\TP1\TP1\myproj\Debug\myproj_manifest.rc
C:\USERS\NABIL\DROPBOX\ESIEE-OV5-M3D\TP1\TP1\MYPROJ\DEBUG\POINT3D.OBJ
C:\Users\nabil\Dropbox\ESIEE-OV5-M3D\TP1\TP1\myproj\Debug\rc.command.1.tlog
C:\Users\nabil\Dropbox\ESIEE-OV5-M3D\TP1\TP1\myproj\Debug\rc.read.1.tlog
C:\Users\nabil\Dropbox\ESIEE-OV5-M3D\TP1\TP1\myproj\Debug\rc.write.1.tlog
C:\USERS\NABIL\DROPBOX\ESIEE-OV5-M3D\TP1\TP1\MYPROJ\DEBUG\SHADERS.OBJ
C:\USERS\NABIL\DROPBOX\ESIEE-OV5-M3D\TP1\TP1\MYPROJ\DEBUG\STDAFX.OBJ
C:\Users\nabil\Dropbox\ESIEE-OV5-M3D\TP1\TP1\myproj\Debug\vc100.idb
C:\USERS\NABIL\DROPBOX\ESIEE-OV5-M3D\TP1\TP1\MYPROJ\DEBUG\VC100.PDB
C:\USERS\NABIL\DROPBOX\ESIEE-OV5-M3D\TP1\TP1\MYPROJ\DEBUG\VECTOR3D.OBJ
C:\USERS\NABIL\DROPBOX\OV5-M3D\LECTURE1\1-DRAWINGCUBE\DEBUG\MYPROJ.EXE
C:\USERS\NABIL\DROPBOX\OV5-M3D\LECTURE1\1-DRAWINGCUBE\DEBUG\MYPROJ.ILK
C:\USERS\NABIL\DROPBOX\OV5-M3D\LECTURE1\1-DRAWINGCUBE\DEBUG\MYPROJ.PDB
C:\USERS\NABIL\DROPBOX\OV5-M3D\LECTURE1\1-DRAWINGCUBE\MYPROJ\DEBUG\MAIN.OBJ
C:\USERS\NABIL\DROPBOX\OV5-M3D\LECTURE1\1-DRAWINGCUBE\MYPROJ\DEBUG\MYPROJ.EXE.EMBED.MANIFEST.RES
C:\USERS\NABIL\DROPBOX\OV5-M3D\LECTURE1\1-DRAWINGCUBE\MYPROJ\DEBUG\MYPROJ.EXE.INTERMEDIATE.MANIFEST
C:\USERS\NABIL\DROPBOX\OV5-M3D\LECTURE1\1-DRAWINGCUBE\MYPROJ\DEBUG\MYPROJ.OBJ
C:\USERS\NABIL\DROPBOX\OV5-M3D\LECTURE1\1-DRAWINGCUBE\MYPROJ\DEBUG\MYPROJ.PCH
C:\USERS\NABIL\DROPBOX\OV5-M3D\LECTURE1\1-DRAWINGCUBE\MYPROJ\DEBUG\SHADERS.OBJ
C:\USERS\NABIL\DROPBOX\OV5-M3D\LECTURE1\1-DRAWINGCUBE\MYPROJ\DEBUG\STDAFX.OBJ
C:\USERS\NABIL\DROPBOX\OV5-M3D\LECTURE1\1-DRAWINGCUBE\MYPROJ\DEBUG\VC100.PDB
C:\USERS\NABIL\DROPBOX\OV5-M3D\LECTURE1\BASICDRAWING\DEBUG\MYPROJ.EXE
C:\USERS\NABIL\DROPBOX\OV5-M3D\LECTURE1\BASICDRAWING\DEBUG\MYPROJ.ILK
C:\USERS\NABIL\DROPBOX\OV5-M3D\LECTURE1\BASICDRAWING\DEBUG\MYPROJ.PDB
C:\USERS\NABIL\DROPBOX\OV5-M3D\LECTURE1\BASICDRAWING\MYPROJ\DEBUG\MAIN.OBJ
C:\USERS\NABIL\DROPBOX\OV5-M3D\LECTURE1\BASICDRAWING\MYPROJ\DEBUG\MYPROJ.EXE.EMBED.MANIFEST.RES
C:\USERS\NABIL\DROPBOX\OV5-M3D\LECTURE1\BASICDRAWING\MYPROJ\DEBUG\MYPROJ.EXE.INTERMEDIATE.MANIFEST
C:\USERS\NABIL\DROPBOX\OV5-M3D\LECTURE1\BASICDRAWING\MYPROJ\DEBUG\MYPROJ.OBJ
C:\USERS\NABIL\DROPBOX\OV5-M3D\LECTURE1\BASICDRAWING\MYPROJ\DEBUG\MYPROJ.PCH
C:\USERS\NABIL\DROPBOX\OV5-M3D\LECTURE1\BASICDRAWING\MYPROJ\DEBUG\SHADERS.OBJ
C:\USERS\NABIL\DROPBOX\OV5-M3D\LECTURE1\BASICDRAWING\MYPROJ\DEBUG\STDAFX.OBJ
C:\USERS\NABIL\DROPBOX\OV5-M3D\LECTURE1\BASICDRAWING\MYPROJ\DEBUG\VC100.PDB
C:\USERS\NABIL\DROPBOX\OV5-M3D\LECTURE2\BASICDRAWING\DEBUG\MYPROJ.EXE
C:\USERS\NABIL\DROPBOX\OV5-M3D\LECTURE2\BASICDRAWING\DEBUG\MYPROJ.ILK
C:\USERS\NABIL\DROPBOX\OV5-M3D\LECTURE2\BASICDRAWING\DEBUG\MYPROJ.PDB
C:\USERS\NABIL\DROPBOX\OV5-M3D\LECTURE2\BASICDRAWING\MYPROJ\DEBUG\MAIN.OBJ
C:\USERS\NABIL\DROPBOX\OV5-M3D\LECTURE2\BASICDRAWING\MYPROJ\DEBUG\MYPROJ.EXE.EMBED.MANIFEST.RES
C:\USERS\NABIL\DROPBOX\OV5-M3D\LECTURE2\BASICDRAWING\MYPROJ\DEBUG\MYPROJ.EXE.INTERMEDIATE.MANIFEST
C:\USERS\NABIL\DROPBOX\OV5-M3D\LECTURE2\BASICDRAWING\MYPROJ\DEBUG\MYPROJ.OBJ
C:\USERS\NABIL\DROPBOX\OV5-M3D\LECTURE2\BASICDRAWING\MYPROJ\DEBUG\MYPROJ.PCH
C:\USERS\NABIL\DROPBOX\OV5-M3D\LECTURE2\BASICDRAWING\MYPROJ\DEBUG\SHADERS.OBJ
C:\USERS\NABIL\DROPBOX\OV5-M3D\LECTURE2\BASICDRAWING\MYPROJ\DEBUG\STDAFX.OBJ
C:\USERS\NABIL\DROPBOX\OV5-M3D\LECTURE2\BASICDRAWING\MYPROJ\DEBUG\VC100.PDB
C:\USERS\NABIL\GOOGLE DRIVE\ESIEE - OV5-M3D-12\LECTURE2\BASICDRAWING\DEBUG\MYPROJ.EXE
C:\USERS\NABIL\GOOGLE DRIVE\ESIEE - OV5-M3D-12\LECTURE2\BASICDRAWING\DEBUG\MYPROJ.ILK
C:\USERS\NABIL\GOOGLE DRIVE\ESIEE - OV5-M3D-12\LECTURE2\BASICDRAWING\DEBUG\MYPROJ.PDB
C:\USERS\NABIL\GOOGLE DRIVE\ESIEE - OV5-M3D-12\LECTURE2\BASICDRAWING\MYPROJ\DEBUG\MAIN.OBJ
C:\USERS\NABIL\GOOGLE DRIVE\ESIEE - OV5-M3D-12\LECTURE2\BASICDRAWING\MYPROJ\DEBUG\MYPROJ.EXE.EMBED.MANIFEST
C:\USERS\NABIL\GOOGLE DRIVE\ESIEE - OV5-M3D-12\LECTURE2\BASICDRAWING\MYPROJ\DEBUG\MYPROJ.EXE.EMBED.MANIFEST.RES
C:\USERS\NABIL\GOOGLE DRIVE\ESIEE - OV5-M3D-12\LECTURE2\BASICDRAWING\MYPROJ\DEBUG\MYPROJ.EXE.INTERMEDIATE.MANIFEST
C:\USERS\NABIL\GOOGLE DRIVE\ESIEE - OV5-M3D-12\LECTURE2\BASICDRAWING\MYPROJ\DEBUG\MYPROJ.OBJ
C:\USERS\NABIL\GOOGLE DRIVE\ESIEE - OV5-M3D-12\LECTURE2\BASICDRAWING\MYPROJ\DEBUG\MYPROJ.PCH
C:\USERS\NABIL\GOOGLE DRIVE\ESIEE - OV5-M3D-12\LECTURE2\BASICDRAWING\MYPROJ\DEBUG\SHADERS.OBJ
C:\USERS\NABIL\GOOGLE DRIVE\ESIEE - OV5-M3D-12\LECTURE2\BASICDRAWING\MYPROJ\DEBUG\STDAFX.OBJ
C:\USERS\NABIL\GOOGLE DRIVE\ESIEE - OV5-M3D-12\LECTURE2\BASICDRAWING\MYPROJ\DEBUG\VC100.PDB
