Build started 8/31/2013 9:09:37 PM.
     1>Project "C:\Users\nabil\Dropbox\ESIEE-IN5I11\TP1\starting code - solution\myproj\myproj.vcxproj" on node 2 (build target(s)).
     1>InitializeBuildStatus:
         Creating "Release\myproj.unsuccessfulbuild" because "AlwaysCreate" was specified.
       ClCompile:
         c:\Program Files (x86)\Microsoft Visual Studio 10.0\VC\bin\CL.exe /c /Zi /nologo /W3 /WX- /O2 /Oi /Oy- /GL /D WIN32 /D NDEBUG /D _CONSOLE /D _UNICODE /D UNICODE /Gm- /EHsc /MD /GS /Gy /fp:precise /Zc:wchar_t /Zc:forScope /Yc"StdAfx.h" /Fp"Release\myproj.pch" /Fo"Release\\" /Fd"Release\vc100.pdb" /Gd /TP /analyze- /errorReport:prompt stdafx.cpp
         stdafx.cpp
         c:\Program Files (x86)\Microsoft Visual Studio 10.0\VC\bin\CL.exe /c /Zi /nologo /W3 /WX- /O2 /Oi /Oy- /GL /D WIN32 /D NDEBUG /D _CONSOLE /D _UNICODE /D UNICODE /Gm- /EHsc /MD /GS /Gy /fp:precise /Zc:wchar_t /Zc:forScope /Yu"StdAfx.h" /Fp"Release\myproj.pch" /Fo"Release\\" /Fd"Release\vc100.pdb" /Gd /TP /analyze- /errorReport:prompt main.cpp myproj.cpp shaders.cpp
         main.cpp
         myproj.cpp
         shaders.cpp
     1>shaders.cpp(64): warning C4996: 'strcpy': This function or variable may be unsafe. Consider using strcpy_s instead. To disable deprecation, use _CRT_SECURE_NO_WARNINGS. See online help for details.
                 c:\Program Files (x86)\Microsoft Visual Studio 10.0\VC\include\string.h(105) : see declaration of 'strcpy'
       Link:
         c:\Program Files (x86)\Microsoft Visual Studio 10.0\VC\bin\link.exe /ERRORREPORT:PROMPT /OUT:"C:\Users\nabil\Dropbox\ESIEE-IN5I11\TP1\starting code - solution\Release\myproj.exe" /INCREMENTAL:NO /NOLOGO glut32.lib glu32.lib opengl32.lib glew32.lib kernel32.lib user32.lib gdi32.lib winspool.lib comdlg32.lib advapi32.lib shell32.lib ole32.lib oleaut32.lib uuid.lib odbc32.lib odbccp32.lib kernel32.lib user32.lib gdi32.lib winspool.lib comdlg32.lib advapi32.lib shell32.lib ole32.lib oleaut32.lib uuid.lib odbc32.lib odbccp32.lib /MANIFEST /ManifestFile:"Release\myproj.exe.intermediate.manifest" /MANIFESTUAC:"level='asInvoker' uiAccess='false'" /DEBUG /PDB:"C:\Users\nabil\Dropbox\ESIEE-IN5I11\TP1\starting code - solution\Release\myproj.pdb" /SUBSYSTEM:CONSOLE /OPT:REF /OPT:ICF /LTCG /TLBID:1 /DYNAMICBASE /NXCOMPAT /IMPLIB:"C:\Users\nabil\Dropbox\ESIEE-IN5I11\TP1\starting code - solution\Release\myproj.lib" /MACHINE:X86 Release\main.obj
         Release\myproj.obj
         Release\shaders.obj
         Release\stdafx.obj
     1>LINK : warning LNK4067: ambiguous entry point; selected 'mainCRTStartup'
         Generating code
         Finished generating code
         myproj.vcxproj -> C:\Users\nabil\Dropbox\ESIEE-IN5I11\TP1\starting code - solution\Release\myproj.exe
       Manifest:
         C:\Program Files (x86)\Microsoft SDKs\Windows\v7.0A\bin\mt.exe /nologo /verbose /outputresource:"C:\Users\nabil\Dropbox\ESIEE-IN5I11\TP1\starting code - solution\Release\myproj.exe;#1" /manifest Release\myproj.exe.intermediate.manifest
       FinalizeBuildStatus:
         Deleting file "Release\myproj.unsuccessfulbuild".
         Touching "Release\myproj.lastbuildstate".
     1>Done Building Project "C:\Users\nabil\Dropbox\ESIEE-IN5I11\TP1\starting code - solution\myproj\myproj.vcxproj" (build target(s)).

Build succeeded.

Time Elapsed 00:00:01.42
